<?xml version="1.0" encoding="UTF-8"?>
<!-- Generated by org.testng.reporters.JUnitReportReporter -->
<testsuite skipped="0" hostname="Kannapi" name="com.obsqura.selenium.FinalProject.ManageSliderTest" tests="2" failures="0" timestamp="31 Jan 2023 22:18:54 GMT" time="9.715" errors="0">
  <testcase name="verifyAddSlider" time="4.682" classname="com.obsqura.selenium.FinalProject.ManageSliderTest"/>
  <testcase name="verifyNavigateBackToHome" time="5.033" classname="com.obsqura.selenium.FinalProject.ManageSliderTest"/>
</testsuite> <!-- com.obsqura.selenium.FinalProject.ManageSliderTest -->
