<?xml version="1.0" encoding="UTF-8"?>
<!-- Generated by org.testng.reporters.JUnitReportReporter -->
<testsuite skipped="0" hostname="Kannapi" name="com.obsqura.selenium.FinalProject.ManagePagesFromDashboardTest" tests="2" failures="0" timestamp="01 Feb 2023 17:01:58 GMT" time="12.060" errors="0">
  <testcase name="verifySearchInvalidData" time="6.190" classname="com.obsqura.selenium.FinalProject.ManagePagesFromDashboardTest"/>
  <testcase name="verifySearchValidData" time="5.870" classname="com.obsqura.selenium.FinalProject.ManagePagesFromDashboardTest"/>
</testsuite> <!-- com.obsqura.selenium.FinalProject.ManagePagesFromDashboardTest -->
