<?xml version="1.0" encoding="UTF-8"?>
<!-- Generated by org.testng.reporters.JUnitReportReporter -->
<testsuite skipped="0" hostname="Kannapi" name="com.obsqura.selenium.FinalProject.ManageOrdersFromDashboardTTest" tests="4" failures="0" timestamp="06 Feb 2023 20:44:47 GMT" time="19.722" errors="0">
  <testcase name="verifyStatusColumnOptionColors" time="4.463" classname="com.obsqura.selenium.FinalProject.ManageOrdersFromDashboardTTest"/>
  <testcase name="verifyClickViewButton" time="5.350" classname="com.obsqura.selenium.FinalProject.ManageOrdersFromDashboardTTest"/>
  <testcase name="verifyClickBackButtonFromViewScreen" time="5.160" classname="com.obsqura.selenium.FinalProject.ManageOrdersFromDashboardTTest"/>
  <testcase name="verifyDeleteOrder" time="4.749" classname="com.obsqura.selenium.FinalProject.ManageOrdersFromDashboardTTest"/>
</testsuite> <!-- com.obsqura.selenium.FinalProject.ManageOrdersFromDashboardTTest -->
