<?xml version="1.0" encoding="UTF-8"?>
<!-- Generated by org.testng.reporters.JUnitReportReporter -->
<testsuite skipped="0" hostname="Kannapi" name="com.obsqura.selenium.FinalProject.ManageOrdersFromDashboardTest" tests="4" failures="0" timestamp="01 Feb 2023 17:01:58 GMT" time="28.730" errors="0">
  <testcase name="verifyClickBackButtonFromViewScreen" time="7.576" classname="com.obsqura.selenium.FinalProject.ManageOrdersFromDashboardTest"/>
  <testcase name="verifyStatusColumnOptionColors" time="6.911" classname="com.obsqura.selenium.FinalProject.ManageOrdersFromDashboardTest"/>
  <testcase name="verifyDeleteOrder" time="6.434" classname="com.obsqura.selenium.FinalProject.ManageOrdersFromDashboardTest"/>
  <testcase name="verifyClickViewButton" time="7.809" classname="com.obsqura.selenium.FinalProject.ManageOrdersFromDashboardTest"/>
</testsuite> <!-- com.obsqura.selenium.FinalProject.ManageOrdersFromDashboardTest -->
