<?xml version="1.0" encoding="UTF-8"?>
<!-- Generated by org.testng.reporters.JUnitReportReporter -->
<testsuite skipped="0" hostname="Kannapi" name="com.obsqura.selenium.FinalProject.ManageLocationTest" tests="2" failures="0" timestamp="01 Feb 2023 17:01:58 GMT" time="13.382" errors="0">
  <testcase name="verifyLocationAndDeliveryChargeFieldsDisplayedOrNot" time="6.094" classname="com.obsqura.selenium.FinalProject.ManageLocationTest"/>
  <testcase name="verifycreateNewLocation" time="7.288" classname="com.obsqura.selenium.FinalProject.ManageLocationTest"/>
</testsuite> <!-- com.obsqura.selenium.FinalProject.ManageLocationTest -->
