<?xml version="1.0" encoding="UTF-8"?>
<!-- Generated by org.testng.reporters.JUnitReportReporter -->
<testsuite skipped="0" hostname="Kannapi" name="com.obsqura.selenium.FinalProject.PushNotificationsTest" tests="3" failures="0" timestamp="25 Jan 2023 21:41:34 GMT" time="18.250" errors="0">
  <testcase name="verifySendNotification" time="5.214" classname="com.obsqura.selenium.FinalProject.PushNotificationsTest"/>
  <testcase name="verifyCheckTitleOfPage" time="5.571" classname="com.obsqura.selenium.FinalProject.PushNotificationsTest"/>
  <testcase name="verifyResetNotification" time="7.465" classname="com.obsqura.selenium.FinalProject.PushNotificationsTest"/>
</testsuite> <!-- com.obsqura.selenium.FinalProject.PushNotificationsTest -->
