<?xml version="1.0" encoding="UTF-8"?>
<!-- Generated by org.testng.reporters.JUnitReportReporter -->
<testsuite skipped="0" hostname="Kannapi" name="com.obsqura.selenium.FinalProject.ExpenseCategoryPageTest" tests="1" failures="0" timestamp="31 Jan 2023 22:18:54 GMT" time="4.451" errors="0">
  <testcase name="verifyClickExpenseCategory" time="4.451" classname="com.obsqura.selenium.FinalProject.ExpenseCategoryPageTest"/>
</testsuite> <!-- com.obsqura.selenium.FinalProject.ExpenseCategoryPageTest -->
