<?xml version="1.0" encoding="UTF-8"?>
<!-- Generated by org.testng.reporters.JUnitReportReporter -->
<testsuite skipped="0" hostname="Kannapi" name="com.obsqura.selenium.FinalProject.LoginPageTest" tests="1" failures="0" timestamp="10 Jan 2023 04:45:36 GMT" time="6.370" errors="0">
  <testcase name="verifyLogin" time="6.370" classname="com.obsqura.selenium.FinalProject.LoginPageTest"/>
</testsuite> <!-- com.obsqura.selenium.FinalProject.LoginPageTest -->
