<?xml version="1.0" encoding="UTF-8"?>
<!-- Generated by org.testng.reporters.JUnitReportReporter -->
<testsuite skipped="0" hostname="Kannapi" name="com.obsqura.selenium.FinalProject.ManageOrdersFromDashboardTTest" tests="4" failures="0" timestamp="02 Feb 2023 14:40:46 GMT" time="22.303" errors="0">
  <testcase name="verifyClickBackButtonFromViewScreen" time="5.609" classname="com.obsqura.selenium.FinalProject.ManageOrdersFromDashboardTTest"/>
  <testcase name="verifyDeleteOrder" time="5.393" classname="com.obsqura.selenium.FinalProject.ManageOrdersFromDashboardTTest"/>
  <testcase name="verifyStatusColumnOptionColors" time="5.090" classname="com.obsqura.selenium.FinalProject.ManageOrdersFromDashboardTTest"/>
  <testcase name="verifyClickViewButton" time="6.211" classname="com.obsqura.selenium.FinalProject.ManageOrdersFromDashboardTTest"/>
</testsuite> <!-- com.obsqura.selenium.FinalProject.ManageOrdersFromDashboardTTest -->
