<?xml version="1.0" encoding="UTF-8"?>
<!-- Generated by org.testng.reporters.JUnitReportReporter -->
<testsuite skipped="0" hostname="Kannapi" name="com.obsqura.selenium.FinalProject.ExpenseCategoryNewButtonTest" tests="4" failures="0" timestamp="31 Jan 2023 22:18:54 GMT" time="17.700" errors="0">
  <testcase name="verifyClickNewButton" time="4.423" classname="com.obsqura.selenium.FinalProject.ExpenseCategoryNewButtonTest"/>
  <testcase name="verifySaveButtonColor" time="4.362" classname="com.obsqura.selenium.FinalProject.ExpenseCategoryNewButtonTest"/>
  <testcase name="verifyClickSaveWithTitle" time="4.525" classname="com.obsqura.selenium.FinalProject.ExpenseCategoryNewButtonTest"/>
  <testcase name="verifyDuplicateTitleValidation" time="4.390" classname="com.obsqura.selenium.FinalProject.ExpenseCategoryNewButtonTest"/>
</testsuite> <!-- com.obsqura.selenium.FinalProject.ExpenseCategoryNewButtonTest -->
