<?xml version="1.0" encoding="UTF-8"?>
<!-- Generated by org.testng.reporters.JUnitReportReporter -->
<testsuite skipped="0" hostname="Kannapi" name="com.obsqura.selenium.FinalProject.ManageOrdersFromDashboardTest" tests="1" failures="0" timestamp="26 Jan 2023 17:01:22 GMT" time="9.576" errors="0">
  <testcase name="verifyStatusColumnOptionColors" time="9.576" classname="com.obsqura.selenium.FinalProject.ManageOrdersFromDashboardTest"/>
</testsuite> <!-- com.obsqura.selenium.FinalProject.ManageOrdersFromDashboardTest -->
