<?xml version="1.0" encoding="UTF-8"?>
<!-- Generated by org.testng.reporters.JUnitReportReporter -->
<testsuite skipped="0" hostname="Kannapi" name="com.obsqura.selenium.FinalProject.VerifyButtonsAndColorsInExpenseCategoryTest" tests="1" failures="0" timestamp="31 Jan 2023 22:18:54 GMT" time="4.125" errors="0">
  <testcase name="verifyFindBackgroundColor" time="4.125" classname="com.obsqura.selenium.FinalProject.VerifyButtonsAndColorsInExpenseCategoryTest"/>
</testsuite> <!-- com.obsqura.selenium.FinalProject.VerifyButtonsAndColorsInExpenseCategoryTest -->
