<?xml version="1.0" encoding="UTF-8"?>
<!-- Generated by org.testng.reporters.JUnitReportReporter -->
<testsuite skipped="0" hostname="Kannapi" name="com.obsqura.selenium.FinalProject.ManagePagesFromDashboardTest" tests="2" failures="0" timestamp="02 Feb 2023 14:40:46 GMT" time="10.072" errors="0">
  <testcase name="verifySearchInvalidData" time="5.560" classname="com.obsqura.selenium.FinalProject.ManagePagesFromDashboardTest"/>
  <testcase name="verifySearchValidData" time="4.512" classname="com.obsqura.selenium.FinalProject.ManagePagesFromDashboardTest"/>
</testsuite> <!-- com.obsqura.selenium.FinalProject.ManagePagesFromDashboardTest -->
