<?xml version="1.0" encoding="UTF-8"?>
<!-- Generated by org.testng.reporters.JUnitReportReporter -->
<testsuite skipped="0" hostname="Kannapi" name="com.obsqura.selenium.FinalProject.ManageLocationTest" tests="2" failures="0" timestamp="02 Feb 2023 14:40:46 GMT" time="13.577" errors="0">
  <testcase name="verifyLocationAndDeliveryChargeFieldsDisplayedOrNot" time="6.774" classname="com.obsqura.selenium.FinalProject.ManageLocationTest"/>
  <testcase name="verifycreateNewLocation" time="6.803" classname="com.obsqura.selenium.FinalProject.ManageLocationTest"/>
</testsuite> <!-- com.obsqura.selenium.FinalProject.ManageLocationTest -->
