<?xml version="1.0" encoding="UTF-8"?>
<!-- Generated by org.testng.reporters.JUnitReportReporter -->
<testsuite skipped="0" hostname="Kannapi" name="com.obsqura.selenium.FinalProject.ExpenseCategoryNewButtonTest" tests="4" failures="0" timestamp="06 Feb 2023 20:44:47 GMT" time="18.002" errors="0">
  <testcase name="verifyClickNewButton" time="4.884" classname="com.obsqura.selenium.FinalProject.ExpenseCategoryNewButtonTest"/>
  <testcase name="verifySaveButtonColor" time="4.197" classname="com.obsqura.selenium.FinalProject.ExpenseCategoryNewButtonTest"/>
  <testcase name="verifyClickSaveWithTitle" time="4.452" classname="com.obsqura.selenium.FinalProject.ExpenseCategoryNewButtonTest"/>
  <testcase name="verifyDuplicateTitleValidation" time="4.469" classname="com.obsqura.selenium.FinalProject.ExpenseCategoryNewButtonTest"/>
</testsuite> <!-- com.obsqura.selenium.FinalProject.ExpenseCategoryNewButtonTest -->
