<?xml version="1.0" encoding="UTF-8"?>
<!-- Generated by org.testng.reporters.JUnitReportReporter -->
<testsuite skipped="0" hostname="Kannapi" name="com.obsqura.selenium.FinalProject.AdminUsersTest" tests="3" failures="0" timestamp="02 Feb 2023 14:40:46 GMT" time="28.171" errors="0">
  <testcase name="verifyCreateNewUser" time="7.609" classname="com.obsqura.selenium.FinalProject.AdminUsersTest"/>
  <testcase name="verifyCheckColumnHeaders" time="14.896" classname="com.obsqura.selenium.FinalProject.AdminUsersTest"/>
  <testcase name="verifyResetData" time="5.666" classname="com.obsqura.selenium.FinalProject.AdminUsersTest"/>
</testsuite> <!-- com.obsqura.selenium.FinalProject.AdminUsersTest -->
