<?xml version="1.0" encoding="UTF-8"?>
<!-- Generated by org.testng.reporters.JUnitReportReporter -->
<testsuite skipped="0" hostname="Kannapi" name="com.obsqura.selenium.FinalProject.PushNotificationsTest" tests="3" failures="0" timestamp="02 Feb 2023 14:40:46 GMT" time="18.332" errors="0">
  <testcase name="verifyResetNotification" time="5.824" classname="com.obsqura.selenium.FinalProject.PushNotificationsTest"/>
  <testcase name="verifySendNotification" time="7.898" classname="com.obsqura.selenium.FinalProject.PushNotificationsTest"/>
  <testcase name="verifyCheckTitleOfPage" time="4.610" classname="com.obsqura.selenium.FinalProject.PushNotificationsTest"/>
</testsuite> <!-- com.obsqura.selenium.FinalProject.PushNotificationsTest -->
