<?xml version="1.0" encoding="UTF-8"?>
<!-- Generated by org.testng.reporters.JUnitReportReporter -->
<testsuite skipped="0" hostname="Kannapi" name="com.obsqura.selenium.FinalProject.ManageExpenseOptionsTest" tests="1" failures="0" timestamp="06 Feb 2023 20:44:47 GMT" time="4.409" errors="0">
  <testcase name="verifyExpenseManageOptions" time="4.409" classname="com.obsqura.selenium.FinalProject.ManageExpenseOptionsTest"/>
</testsuite> <!-- com.obsqura.selenium.FinalProject.ManageExpenseOptionsTest -->
