<?xml version="1.0" encoding="UTF-8"?>
<!-- Generated by org.testng.reporters.JUnitReportReporter -->
<testsuite skipped="0" hostname="Kannapi" name="com.obsqura.selenium.FinalProject.VerifyButtonsAndColorsInExpenseCategoryTest" tests="1" failures="0" timestamp="06 Feb 2023 20:44:47 GMT" time="4.206" errors="0">
  <testcase name="verifyFindBackgroundColor" time="4.206" classname="com.obsqura.selenium.FinalProject.VerifyButtonsAndColorsInExpenseCategoryTest"/>
</testsuite> <!-- com.obsqura.selenium.FinalProject.VerifyButtonsAndColorsInExpenseCategoryTest -->
