<?xml version="1.0" encoding="UTF-8"?>
<!-- Generated by org.testng.reporters.JUnitReportReporter -->
<testsuite skipped="0" hostname="Kannapi" name="com.obsqura.selenium.FinalProject.ManageExpenseOptionsTest" tests="1" failures="0" timestamp="01 Feb 2023 17:01:58 GMT" time="6.286" errors="0">
  <testcase name="verifyExpenseManageOptions" time="6.286" classname="com.obsqura.selenium.FinalProject.ManageExpenseOptionsTest"/>
</testsuite> <!-- com.obsqura.selenium.FinalProject.ManageExpenseOptionsTest -->
