<?xml version="1.0" encoding="UTF-8"?>
<!-- Generated by org.testng.reporters.JUnitReportReporter -->
<testsuite skipped="0" hostname="Kannapi" name="com.obsqura.selenium.FinalProject.ManageLocationTest" tests="2" failures="0" timestamp="06 Feb 2023 20:44:47 GMT" time="9.618" errors="0">
  <testcase name="verifyLocationAndDeliveryChargeFieldsDisplayedOrNot" time="4.348" classname="com.obsqura.selenium.FinalProject.ManageLocationTest"/>
  <testcase name="verifycreateNewLocation" time="5.270" classname="com.obsqura.selenium.FinalProject.ManageLocationTest"/>
</testsuite> <!-- com.obsqura.selenium.FinalProject.ManageLocationTest -->
