<?xml version="1.0" encoding="UTF-8"?>
<!-- Generated by org.testng.reporters.JUnitReportReporter -->
<testsuite skipped="0" hostname="Kannapi" name="com.obsqura.selenium.FinalProject.PushNotificationsTest" tests="3" failures="0" timestamp="01 Feb 2023 17:01:58 GMT" time="20.195" errors="0">
  <testcase name="verifySendNotification" time="6.052" classname="com.obsqura.selenium.FinalProject.PushNotificationsTest"/>
  <testcase name="verifyCheckTitleOfPage" time="6.199" classname="com.obsqura.selenium.FinalProject.PushNotificationsTest"/>
  <testcase name="verifyResetNotification" time="7.944" classname="com.obsqura.selenium.FinalProject.PushNotificationsTest"/>
</testsuite> <!-- com.obsqura.selenium.FinalProject.PushNotificationsTest -->
