<?xml version="1.0" encoding="UTF-8"?>
<!-- Generated by org.testng.reporters.JUnitReportReporter -->
<testsuite skipped="0" hostname="Kannapi" name="com.obsqura.selenium.FinalProject.ManageNewsTest" tests="1" failures="0" timestamp="01 Feb 2023 17:01:58 GMT" time="6.869" errors="0">
  <testcase name="VerifyEnterAndSaveNews" time="6.869" classname="com.obsqura.selenium.FinalProject.ManageNewsTest"/>
</testsuite> <!-- com.obsqura.selenium.FinalProject.ManageNewsTest -->
