<?xml version="1.0" encoding="UTF-8"?>
<!-- Generated by org.testng.reporters.JUnitReportReporter -->
<testsuite skipped="0" hostname="Kannapi" name="com.obsqura.selenium.FinalProject.ManageExpenseFromDashboardTest" tests="3" failures="0" timestamp="01 Feb 2023 17:01:58 GMT" time="32.042" errors="0">
  <testcase name="verifySelectDateFromCalendar" time="11.661" classname="com.obsqura.selenium.FinalProject.ManageExpenseFromDashboardTest"/>
  <testcase name="verifyCreateNewExpenseRecord" time="13.142" classname="com.obsqura.selenium.FinalProject.ManageExpenseFromDashboardTest"/>
  <testcase name="verifyTodaysDateInDateField" time="7.239" classname="com.obsqura.selenium.FinalProject.ManageExpenseFromDashboardTest"/>
</testsuite> <!-- com.obsqura.selenium.FinalProject.ManageExpenseFromDashboardTest -->
