<?xml version="1.0" encoding="UTF-8"?>
<!-- Generated by org.testng.reporters.JUnitReportReporter -->
<testsuite skipped="0" hostname="Kannapi" name="com.obsqura.selenium.FinalProject.ManageSliderTest" tests="2" failures="0" timestamp="06 Feb 2023 20:44:47 GMT" time="10.072" errors="0">
  <testcase name="verifyAddSlider" time="4.953" classname="com.obsqura.selenium.FinalProject.ManageSliderTest"/>
  <testcase name="verifyNavigateBackToHome" time="5.119" classname="com.obsqura.selenium.FinalProject.ManageSliderTest"/>
</testsuite> <!-- com.obsqura.selenium.FinalProject.ManageSliderTest -->
