<?xml version="1.0" encoding="UTF-8"?>
<!-- Generated by org.testng.reporters.JUnitReportReporter -->
<testsuite skipped="0" hostname="Kannapi" name="com.obsqura.selenium.FinalProject.ManagePagesFromDashboardTest" tests="2" failures="0" timestamp="31 Jan 2023 22:18:54 GMT" time="8.916" errors="0">
  <testcase name="verifySearchInvalidData" time="4.348" classname="com.obsqura.selenium.FinalProject.ManagePagesFromDashboardTest"/>
  <testcase name="verifySearchValidData" time="4.568" classname="com.obsqura.selenium.FinalProject.ManagePagesFromDashboardTest"/>
</testsuite> <!-- com.obsqura.selenium.FinalProject.ManagePagesFromDashboardTest -->
