<?xml version="1.0" encoding="UTF-8"?>
<!-- Generated by org.testng.reporters.JUnitReportReporter -->
<testsuite skipped="0" hostname="Kannapi" name="com.obsqura.selenium.FinalProject.PushNotificationsTest" tests="3" failures="0" timestamp="06 Feb 2023 20:44:47 GMT" time="13.363" errors="0">
  <testcase name="verifyCheckTitleOfPage" time="3.931" classname="com.obsqura.selenium.FinalProject.PushNotificationsTest"/>
  <testcase name="verifySendNotification" time="5.006" classname="com.obsqura.selenium.FinalProject.PushNotificationsTest"/>
  <testcase name="verifyResetNotification" time="4.426" classname="com.obsqura.selenium.FinalProject.PushNotificationsTest"/>
</testsuite> <!-- com.obsqura.selenium.FinalProject.PushNotificationsTest -->
