<?xml version="1.0" encoding="UTF-8"?>
<!-- Generated by org.testng.reporters.JUnitReportReporter -->
<testsuite skipped="0" hostname="Kannapi" name="com.obsqura.selenium.FinalProject.ManageNewsTest" tests="1" failures="0" timestamp="02 Feb 2023 14:40:46 GMT" time="5.598" errors="0">
  <testcase name="VerifyEnterAndSaveNews" time="5.598" classname="com.obsqura.selenium.FinalProject.ManageNewsTest"/>
</testsuite> <!-- com.obsqura.selenium.FinalProject.ManageNewsTest -->
