<?xml version="1.0" encoding="UTF-8"?>
<!-- Generated by org.testng.reporters.JUnitReportReporter -->
<testsuite skipped="0" hostname="Kannapi" name="com.obsqura.selenium.FinalProject.ManageSliderTest" tests="2" failures="0" timestamp="01 Feb 2023 17:01:58 GMT" time="15.395" errors="0">
  <testcase name="verifyAddSlider" time="8.217" classname="com.obsqura.selenium.FinalProject.ManageSliderTest"/>
  <testcase name="verifyNavigateBackToHome" time="7.178" classname="com.obsqura.selenium.FinalProject.ManageSliderTest"/>
</testsuite> <!-- com.obsqura.selenium.FinalProject.ManageSliderTest -->
