<?xml version="1.0" encoding="UTF-8"?>
<!-- Generated by org.testng.reporters.JUnitReportReporter -->
<testsuite skipped="0" hostname="Kannapi" name="com.obsqura.selenium.FinalProject.ManageExpenseOptionsTest" tests="1" failures="0" timestamp="02 Feb 2023 14:40:46 GMT" time="5.127" errors="0">
  <testcase name="verifyExpenseManageOptions" time="5.127" classname="com.obsqura.selenium.FinalProject.ManageExpenseOptionsTest"/>
</testsuite> <!-- com.obsqura.selenium.FinalProject.ManageExpenseOptionsTest -->
