<?xml version="1.0" encoding="UTF-8"?>
<!-- Generated by org.testng.reporters.JUnitReportReporter -->
<testsuite skipped="0" hostname="Kannapi" name="com.obsqura.selenium.FinalProject.VerifyButtonsAndColorsInExpenseCategoryTest" tests="1" failures="0" timestamp="25 Jan 2023 19:33:03 GMT" time="13.151" errors="0">
  <testcase name="verifyFindBackgroundColor" time="13.151" classname="com.obsqura.selenium.FinalProject.VerifyButtonsAndColorsInExpenseCategoryTest"/>
</testsuite> <!-- com.obsqura.selenium.FinalProject.VerifyButtonsAndColorsInExpenseCategoryTest -->
