<?xml version="1.0" encoding="UTF-8"?>
<!-- Generated by org.testng.reporters.JUnitReportReporter -->
<testsuite skipped="0" hostname="Kannapi" name="com.obsqura.selenium.FinalProject.ExpenseCategoryNewButtonTest" tests="4" failures="0" timestamp="02 Feb 2023 14:40:46 GMT" time="21.375" errors="0">
  <testcase name="verifyClickNewButton" time="5.570" classname="com.obsqura.selenium.FinalProject.ExpenseCategoryNewButtonTest"/>
  <testcase name="verifySaveButtonColor" time="4.959" classname="com.obsqura.selenium.FinalProject.ExpenseCategoryNewButtonTest"/>
  <testcase name="verifyClickSaveWithTitle" time="5.426" classname="com.obsqura.selenium.FinalProject.ExpenseCategoryNewButtonTest"/>
  <testcase name="verifyDuplicateTitleValidation" time="5.420" classname="com.obsqura.selenium.FinalProject.ExpenseCategoryNewButtonTest"/>
</testsuite> <!-- com.obsqura.selenium.FinalProject.ExpenseCategoryNewButtonTest -->
