<?xml version="1.0" encoding="UTF-8"?>
<!-- Generated by org.testng.reporters.JUnitReportReporter -->
<testsuite skipped="0" hostname="Kannapi" name="com.obsqura.selenium.FinalProject.ExpenseCategoryNewButtonTest" tests="4" failures="0" timestamp="01 Feb 2023 17:01:58 GMT" time="25.129" errors="0">
  <testcase name="verifyClickNewButton" time="6.037" classname="com.obsqura.selenium.FinalProject.ExpenseCategoryNewButtonTest"/>
  <testcase name="verifySaveButtonColor" time="5.947" classname="com.obsqura.selenium.FinalProject.ExpenseCategoryNewButtonTest"/>
  <testcase name="verifyClickSaveWithTitle" time="6.815" classname="com.obsqura.selenium.FinalProject.ExpenseCategoryNewButtonTest"/>
  <testcase name="verifyDuplicateTitleValidation" time="6.330" classname="com.obsqura.selenium.FinalProject.ExpenseCategoryNewButtonTest"/>
</testsuite> <!-- com.obsqura.selenium.FinalProject.ExpenseCategoryNewButtonTest -->
