<?xml version="1.0" encoding="UTF-8"?>
<!-- Generated by org.testng.reporters.JUnitReportReporter -->
<testsuite skipped="0" hostname="Kannapi" name="com.obsqura.selenium.FinalProject.LoginPageTest" tests="1" failures="0" timestamp="06 Feb 2023 20:44:47 GMT" time="3.643" errors="0">
  <testcase name="verifyLogin" time="3.643" classname="com.obsqura.selenium.FinalProject.LoginPageTest"/>
</testsuite> <!-- com.obsqura.selenium.FinalProject.LoginPageTest -->
