<?xml version="1.0" encoding="UTF-8"?>
<!-- Generated by org.testng.reporters.JUnitReportReporter -->
<testsuite skipped="0" hostname="Kannapi" name="com.obsqura.selenium.FinalProject.Base" tests="1" failures="0" timestamp="08 Jan 2023 13:23:54 GMT" time="4.536" errors="0">
  <testcase name="initializeBrowser" time="4.536" classname="com.obsqura.selenium.FinalProject.Base"/>
</testsuite> <!-- com.obsqura.selenium.FinalProject.Base -->
