<?xml version="1.0" encoding="UTF-8"?>
<!-- Generated by org.testng.reporters.JUnitReportReporter -->
<testsuite skipped="0" hostname="Kannapi" name="com.obsqura.selenium.FinalProject.ManageSliderTest" tests="2" failures="0" timestamp="02 Feb 2023 14:40:46 GMT" time="11.926" errors="0">
  <testcase name="verifyNavigateBackToHome" time="5.661" classname="com.obsqura.selenium.FinalProject.ManageSliderTest"/>
  <testcase name="verifyAddSlider" time="6.265" classname="com.obsqura.selenium.FinalProject.ManageSliderTest"/>
</testsuite> <!-- com.obsqura.selenium.FinalProject.ManageSliderTest -->
