<?xml version="1.0" encoding="UTF-8"?>
<!-- Generated by org.testng.reporters.JUnitReportReporter -->
<testsuite skipped="0" hostname="Kannapi" name="com.obsqura.selenium.FinalProject.ManagePagesFromDashboardTest" tests="2" failures="0" timestamp="26 Jan 2023 20:58:09 GMT" time="13.409" errors="0">
  <testcase name="verifySearchValidData" time="5.260" classname="com.obsqura.selenium.FinalProject.ManagePagesFromDashboardTest"/>
  <testcase name="verifySearchInvalidData" time="8.149" classname="com.obsqura.selenium.FinalProject.ManagePagesFromDashboardTest"/>
</testsuite> <!-- com.obsqura.selenium.FinalProject.ManagePagesFromDashboardTest -->
