<?xml version="1.0" encoding="UTF-8"?>
<!-- Generated by org.testng.reporters.JUnitReportReporter -->
<testsuite skipped="0" hostname="Kannapi" name="com.obsqura.selenium.FinalProject.AdminUsersTest" tests="3" failures="0" timestamp="31 Jan 2023 22:18:54 GMT" time="18.017" errors="0">
  <testcase name="verifyCheckColumnHeaders" time="5.305" classname="com.obsqura.selenium.FinalProject.AdminUsersTest"/>
  <testcase name="verifyCreateNewUser" time="7.742" classname="com.obsqura.selenium.FinalProject.AdminUsersTest"/>
  <testcase name="verifyResetData" time="4.970" classname="com.obsqura.selenium.FinalProject.AdminUsersTest"/>
</testsuite> <!-- com.obsqura.selenium.FinalProject.AdminUsersTest -->
