<?xml version="1.0" encoding="UTF-8"?>
<!-- Generated by org.testng.reporters.JUnitReportReporter -->
<testsuite skipped="0" hostname="Kannapi" name="com.obsqura.selenium.FinalProject.ManageSliderTest" tests="2" failures="0" timestamp="26 Jan 2023 22:00:53 GMT" time="14.420" errors="0">
  <testcase name="verifyNavigateBackToHome" time="5.805" classname="com.obsqura.selenium.FinalProject.ManageSliderTest"/>
  <testcase name="verifyAddSlider" time="8.615" classname="com.obsqura.selenium.FinalProject.ManageSliderTest"/>
</testsuite> <!-- com.obsqura.selenium.FinalProject.ManageSliderTest -->
