<?xml version="1.0" encoding="UTF-8"?>
<!-- Generated by org.testng.reporters.JUnitReportReporter -->
<testsuite skipped="0" hostname="Kannapi" name="com.obsqura.selenium.FinalProject.ManageOrdersFromDashboardTest" tests="4" failures="0" timestamp="31 Jan 2023 22:18:54 GMT" time="19.694" errors="0">
  <testcase name="verifyClickBackButtonFromViewScreen" time="5.335" classname="com.obsqura.selenium.FinalProject.ManageOrdersFromDashboardTest"/>
  <testcase name="verifyClickViewButton" time="4.846" classname="com.obsqura.selenium.FinalProject.ManageOrdersFromDashboardTest"/>
  <testcase name="verifyStatusColumnOptionColors" time="4.467" classname="com.obsqura.selenium.FinalProject.ManageOrdersFromDashboardTest"/>
  <testcase name="verifyDeleteOrder" time="5.046" classname="com.obsqura.selenium.FinalProject.ManageOrdersFromDashboardTest"/>
</testsuite> <!-- com.obsqura.selenium.FinalProject.ManageOrdersFromDashboardTest -->
