<?xml version="1.0" encoding="UTF-8"?>
<!-- Generated by org.testng.reporters.JUnitReportReporter -->
<testsuite skipped="0" hostname="Kannapi" name="com.obsqura.selenium.FinalProject.ManagePagesFromDashboardTest" tests="2" failures="0" timestamp="06 Feb 2023 20:44:47 GMT" time="8.518" errors="0">
  <testcase name="verifySearchInvalidData" time="4.370" classname="com.obsqura.selenium.FinalProject.ManagePagesFromDashboardTest"/>
  <testcase name="verifySearchValidData" time="4.148" classname="com.obsqura.selenium.FinalProject.ManagePagesFromDashboardTest"/>
</testsuite> <!-- com.obsqura.selenium.FinalProject.ManagePagesFromDashboardTest -->
