<?xml version="1.0" encoding="UTF-8"?>
<!-- Generated by org.testng.reporters.JUnitReportReporter -->
<testsuite skipped="0" hostname="Kannapi" name="com.obsqura.selenium.FinalProject.AdminUsersTest" tests="3" failures="0" timestamp="06 Feb 2023 20:44:47 GMT" time="17.624" errors="0">
  <testcase name="verifyCheckColumnHeaders" time="5.093" classname="com.obsqura.selenium.FinalProject.AdminUsersTest"/>
  <testcase name="verifyCreateNewUser" time="4.825" classname="com.obsqura.selenium.FinalProject.AdminUsersTest"/>
  <testcase name="verifyResetData" time="7.706" classname="com.obsqura.selenium.FinalProject.AdminUsersTest"/>
</testsuite> <!-- com.obsqura.selenium.FinalProject.AdminUsersTest -->
