<?xml version="1.0" encoding="UTF-8"?>
<!-- Generated by org.testng.reporters.JUnitReportReporter -->
<testsuite skipped="0" hostname="Kannapi" name="com.obsqura.selenium.FinalProject.AdminUsersTest" tests="3" failures="0" timestamp="01 Feb 2023 17:01:58 GMT" time="34.350" errors="0">
  <testcase name="verifyCheckColumnHeaders" time="9.567" classname="com.obsqura.selenium.FinalProject.AdminUsersTest"/>
  <testcase name="verifyResetData" time="6.709" classname="com.obsqura.selenium.FinalProject.AdminUsersTest"/>
  <testcase name="verifyCreateNewUser" time="18.074" classname="com.obsqura.selenium.FinalProject.AdminUsersTest"/>
</testsuite> <!-- com.obsqura.selenium.FinalProject.AdminUsersTest -->
