<?xml version="1.0" encoding="UTF-8"?>
<!-- Generated by org.testng.reporters.JUnitReportReporter -->
<testsuite skipped="0" hostname="Kannapi" name="com.obsqura.selenium.FinalProject.ManageNewsTest" tests="1" failures="0" timestamp="06 Feb 2023 20:44:47 GMT" time="4.867" errors="0">
  <testcase name="VerifyEnterAndSaveNews" time="4.867" classname="com.obsqura.selenium.FinalProject.ManageNewsTest"/>
</testsuite> <!-- com.obsqura.selenium.FinalProject.ManageNewsTest -->
