<?xml version="1.0" encoding="UTF-8"?>
<!-- Generated by org.testng.reporters.JUnitReportReporter -->
<testsuite skipped="0" hostname="Kannapi" name="com.obsqura.selenium.FinalProject.PushNotificationsTest" tests="3" failures="0" timestamp="31 Jan 2023 22:18:54 GMT" time="13.220" errors="0">
  <testcase name="verifySendNotification" time="4.630" classname="com.obsqura.selenium.FinalProject.PushNotificationsTest"/>
  <testcase name="verifyCheckTitleOfPage" time="3.963" classname="com.obsqura.selenium.FinalProject.PushNotificationsTest"/>
  <testcase name="verifyResetNotification" time="4.627" classname="com.obsqura.selenium.FinalProject.PushNotificationsTest"/>
</testsuite> <!-- com.obsqura.selenium.FinalProject.PushNotificationsTest -->
