<?xml version="1.0" encoding="UTF-8"?>
<!-- Generated by org.testng.reporters.JUnitReportReporter -->
<testsuite skipped="0" hostname="Kannapi" name="com.obsqura.selenium.FinalProject.ManageNewsTest" tests="1" failures="0" timestamp="31 Jan 2023 22:18:54 GMT" time="4.974" errors="0">
  <testcase name="VerifyEnterAndSaveNews" time="4.974" classname="com.obsqura.selenium.FinalProject.ManageNewsTest"/>
</testsuite> <!-- com.obsqura.selenium.FinalProject.ManageNewsTest -->
