<?xml version="1.0" encoding="UTF-8"?>
<!-- Generated by org.testng.reporters.JUnitReportReporter -->
<testsuite skipped="0" hostname="Kannapi" name="com.obsqura.selenium.FinalProject.ManageExpenseOptionsTest" tests="1" failures="0" timestamp="09 Jan 2023 16:16:20 GMT" time="4.940" errors="0">
  <testcase name="verifyExpenseManageOptions" time="4.940" classname="com.obsqura.selenium.FinalProject.ManageExpenseOptionsTest"/>
</testsuite> <!-- com.obsqura.selenium.FinalProject.ManageExpenseOptionsTest -->
