<?xml version="1.0" encoding="UTF-8"?>
<!-- Generated by org.testng.reporters.JUnitReportReporter -->
<testsuite skipped="0" hostname="Kannapi" name="com.obsqura.selenium.FinalProject.ExpenseCategoryPageTest" tests="1" failures="0" timestamp="25 Jan 2023 20:15:06 GMT" time="9.152" errors="0">
  <testcase name="verifyClickExpenseCategory" time="9.152" classname="com.obsqura.selenium.FinalProject.ExpenseCategoryPageTest"/>
</testsuite> <!-- com.obsqura.selenium.FinalProject.ExpenseCategoryPageTest -->
