<?xml version="1.0" encoding="UTF-8"?>
<!-- Generated by org.testng.reporters.JUnitReportReporter -->
<testsuite skipped="0" hostname="Kannapi" name="com.obsqura.selenium.FinalProject.ManageLocationTest" tests="2" failures="0" timestamp="31 Jan 2023 22:18:54 GMT" time="9.721" errors="0">
  <testcase name="verifyLocationAndDeliveryChargeFieldsDisplayedOrNot" time="4.363" classname="com.obsqura.selenium.FinalProject.ManageLocationTest"/>
  <testcase name="verifycreateNewLocation" time="5.358" classname="com.obsqura.selenium.FinalProject.ManageLocationTest"/>
</testsuite> <!-- com.obsqura.selenium.FinalProject.ManageLocationTest -->
