<?xml version="1.0" encoding="UTF-8"?>
<!-- Generated by org.testng.reporters.JUnitReportReporter -->
<testsuite skipped="0" hostname="Kannapi" name="com.obsqura.selenium.FinalProject.VerifyButtonsAndColorsInExpenseCategoryTest" tests="1" failures="0" timestamp="10 Jan 2023 03:03:09 GMT" time="12.338" errors="0">
  <testcase name="verifyFindBackgroundColor" time="12.338" classname="com.obsqura.selenium.FinalProject.VerifyButtonsAndColorsInExpenseCategoryTest"/>
</testsuite> <!-- com.obsqura.selenium.FinalProject.VerifyButtonsAndColorsInExpenseCategoryTest -->
