<?xml version="1.0" encoding="UTF-8"?>
<!-- Generated by org.testng.reporters.JUnitReportReporter -->
<testsuite skipped="0" hostname="Kannapi" name="com.obsqura.selenium.FinalProject.LoginPageTest" tests="1" failures="0" timestamp="24 Jan 2023 20:50:37 GMT" time="7.501" errors="0">
  <testcase name="verifyLogin" time="7.501" classname="com.obsqura.selenium.FinalProject.LoginPageTest"/>
</testsuite> <!-- com.obsqura.selenium.FinalProject.LoginPageTest -->
