<?xml version="1.0" encoding="UTF-8"?>
<!-- Generated by org.testng.reporters.JUnitReportReporter -->
<testsuite skipped="0" hostname="Kannapi" name="com.obsqura.selenium.FinalProject.PushNotificationsTest" tests="2" failures="0" timestamp="2023-02-07T00:59:12 IST" time="12.908" errors="0">
  <testcase name="verifyCheckTitleOfPage" time="5.170" classname="com.obsqura.selenium.FinalProject.PushNotificationsTest"/>
  <system-out/>
  <testcase name="verifyResetNotification" time="7.738" classname="com.obsqura.selenium.FinalProject.PushNotificationsTest"/>
  <system-out/>
</testsuite> <!-- com.obsqura.selenium.FinalProject.PushNotificationsTest -->
